<?xml version="1.0" encoding="UTF-8"?>
<testng-results ignored="0" total="1" passed="1" failed="0" skipped="0">
  <reporter-output>
  </reporter-output>
  <suite started-at="2025-06-07T11:03:46 PKT" name="Default suite" finished-at="2025-06-07T11:04:07 PKT" duration-ms="20726">
    <groups>
    </groups>
    <test started-at="2025-06-07T11:03:46 PKT" name="Default test" finished-at="2025-06-07T11:04:07 PKT" duration-ms="20726">
      <class name="tutorialninja.register.TC_RF_012">
        <test-method signature="verifyRegisteringAccountUsingKeyboardKeys()[pri:0, instance:tutorialninja.register.TC_RF_012@4d5d943d]" started-at="2025-06-07T11:03:46 PKT" name="verifyRegisteringAccountUsingKeyboardKeys" finished-at="2025-06-07T11:04:07 PKT" duration-ms="20691" status="PASS">
          <reporter-output>
          </reporter-output>
        </test-method> <!-- verifyRegisteringAccountUsingKeyboardKeys -->
      </class> <!-- tutorialninja.register.TC_RF_012 -->
    </test> <!-- Default test -->
  </suite> <!-- Default suite -->
</testng-results>
